C:\Users\Admin\Desktop\neural framework>python -m pytest memory/consolidation/tests/test_consolidation_derives_intervals_correctly.py
=========================== test session starts ===========================
platform win32 -- Python 3.13.9, pytest-9.0.2, pluggy-1.6.0
rootdir: C:\Users\Admin\Desktop\neural framework
collected 1 item

memory\consolidation\tests\test_consolidation_derives_intervals_correctly.py . [100%]

============================ 1 passed in 0.07s ============================

C:\Users\Admin\Desktop\neural framework>